<?xml version="1.0" encoding="UTF-8"?>
<!-- Generated by org.testng.reporters.JUnitReportReporter -->
<testsuite skipped="0" hostname="VIR" name="qaclickacademy.AppiumTest" tests="2" failures="0" timestamp="2020-02-13T14:43:47 IST" time="0.023" errors="0">
  <testcase name="IOapps" time="0.020" classname="qaclickacademy.AppiumTest"/>
  <testcase name="NativeAppandroid" time="0.003" classname="qaclickacademy.AppiumTest"/>
</testsuite> <!-- qaclickacademy.AppiumTest -->
