<?xml version="1.0" encoding="UTF-8"?>
<!-- Generated by org.testng.reporters.JUnitReportReporter -->
<testsuite skipped="0" hostname="VIR" name="qaclickacademy.AppiumTest" tests="2" failures="0" timestamp="13 Feb 2020 08:18:47 GMT" time="0.015" errors="0">
  <testcase name="NativeAppandroid" time="0.002" classname="qaclickacademy.AppiumTest"/>
  <testcase name="IOapps" time="0.013" classname="qaclickacademy.AppiumTest"/>
</testsuite> <!-- qaclickacademy.AppiumTest -->
