<?xml version="1.0" encoding="UTF-8"?>
<!-- Generated by org.testng.reporters.JUnitReportReporter -->
<testsuite skipped="0" hostname="VIR" name="qaclickacademy.RestAPITest" tests="2" failures="0" timestamp="11 Feb 2020 13:12:00 GMT" time="0.002" errors="0">
  <testcase name="postjirs" time="0.001" classname="qaclickacademy.RestAPITest"/>
  <testcase name="deletwitter" time="0.001" classname="qaclickacademy.RestAPITest"/>
</testsuite> <!-- qaclickacademy.RestAPITest -->
